1589557975197:echo lalala
1589558159538:echo teste
1589558165912:exit
1589558481423:echo eras
1589558485611:exit
1589559069952:set garbin lindo
1589559072892:get garbin
1589559143459:exit
1589559165471:set garbin lindo
1589559168393:get garbin
1589559223056:exit
1589561670207:set garbin lindo
1589561673536:get garbin
1589561679739:del garbin
1589561681177:get garbin
1589561685832:set garbin lindo
1589561690875:set nanda lindo
1589561694598:get garbin
1589561696856:get nanda
1589561702223:del garbin nanda
1589561805656:exit
1589561821286:set garbin lindo
1589561824896:set nanda linda
1589561827471:get nanda
1589561831083:get garbin
1589561835688:del nanda garbin
1589561889135:exit
1589561904550:set garbin lindo
1589561907074:set nanda linda
1589561910097:del nanda garbin
1589562039406:exit
1589562052995:set garbin a
1589562056016:set nanda b
1589562059076:get nanda
1589562061853:get garbin
1589562068429:del nanda garbin
1589562487892:exit
1589562512224:set garbin
1589562520371:set garbin lindo
1589562523733:set fernanda linda
1589562527652:del garbin fernanda
1589562829050:exit
1589562854376:set garbin lindo
1589562857896:set fernanda linda
1589562863154:del garbin fernanda
1589562968133:exit
